build/app/intermediates/manifest_merge_blame_file/release/manifest-merger-blame-release-report.txt
1<?xml version="1.0" encoding="utf-8"?>
2<manifest xmlns:android="http://schemas.android.com/apk/res/android"
3    package="com.shopping.kulfii_app"
4    android:versionCode="1"
5    android:versionName="1.0.0" >
6
7    <uses-sdk
8        android:minSdkVersion="20"
8-->src\main\AndroidManifest.xml
9        android:targetSdkVersion="33" />
9-->src\main\AndroidManifest.xml
10
11    <uses-permission android:name="android.permission.INTERNET" />
11-->[com.razorpay:checkout:1.6.35] AndroidManifest.xml:8:5-67
11-->[com.razorpay:checkout:1.6.35] AndroidManifest.xml:8:22-64
12
13    <queries>
13-->[com.razorpay:checkout:1.6.35] AndroidManifest.xml:10:5-39:15
14        <intent>
14-->[com.razorpay:checkout:1.6.35] AndroidManifest.xml:11:9-17:18
15            <action android:name="android.intent.action.VIEW" />
15-->[com.razorpay:checkout:1.6.35] AndroidManifest.xml:12:13-65
15-->[com.razorpay:checkout:1.6.35] AndroidManifest.xml:12:21-62
16
17            <data
17-->[com.razorpay:checkout:1.6.35] AndroidManifest.xml:14:13-16:38
18                android:mimeType="*/*"
18-->[com.razorpay:checkout:1.6.35] AndroidManifest.xml:15:17-39
19                android:scheme="*" />
19-->[com.razorpay:checkout:1.6.35] AndroidManifest.xml:16:17-35
20        </intent>
21        <intent>
21-->[com.razorpay:checkout:1.6.35] AndroidManifest.xml:18:9-27:18
22            <action android:name="android.intent.action.VIEW" />
22-->[com.razorpay:checkout:1.6.35] AndroidManifest.xml:12:13-65
22-->[com.razorpay:checkout:1.6.35] AndroidManifest.xml:12:21-62
23
24            <category android:name="android.intent.category.BROWSABLE" />
24-->[com.razorpay:checkout:1.6.35] AndroidManifest.xml:21:13-74
24-->[com.razorpay:checkout:1.6.35] AndroidManifest.xml:21:23-71
25
26            <data
26-->[com.razorpay:checkout:1.6.35] AndroidManifest.xml:14:13-16:38
27                android:host="pay"
28                android:mimeType="*/*"
28-->[com.razorpay:checkout:1.6.35] AndroidManifest.xml:15:17-39
29                android:scheme="upi" />
29-->[com.razorpay:checkout:1.6.35] AndroidManifest.xml:16:17-35
30        </intent>
31        <intent>
31-->[com.razorpay:checkout:1.6.35] AndroidManifest.xml:28:9-30:18
32            <action android:name="android.intent.action.MAIN" />
32-->src\main\AndroidManifest.xml:23:17-68
32-->src\main\AndroidManifest.xml:23:25-66
33        </intent>
34        <intent>
34-->[com.razorpay:checkout:1.6.35] AndroidManifest.xml:31:9-35:18
35            <action android:name="android.intent.action.SEND" />
35-->[com.razorpay:checkout:1.6.35] AndroidManifest.xml:32:13-65
35-->[com.razorpay:checkout:1.6.35] AndroidManifest.xml:32:21-62
36
37            <data android:mimeType="*/*" />
37-->[com.razorpay:checkout:1.6.35] AndroidManifest.xml:14:13-16:38
37-->[com.razorpay:checkout:1.6.35] AndroidManifest.xml:15:17-39
38        </intent>
39        <intent>
39-->[com.razorpay:checkout:1.6.35] AndroidManifest.xml:36:9-38:18
40            <action android:name="rzp.device_token.share" />
40-->[com.razorpay:checkout:1.6.35] AndroidManifest.xml:37:13-61
40-->[com.razorpay:checkout:1.6.35] AndroidManifest.xml:37:21-58
41        </intent>
42    </queries>
43
44    <uses-permission android:name="android.permission.ACCESS_NETWORK_STATE" />
44-->[com.google.firebase:firebase-auth:22.1.1] AndroidManifest.xml:26:5-79
44-->[com.google.firebase:firebase-auth:22.1.1] AndroidManifest.xml:26:22-76
45
46    <uses-feature
46-->[com.google.android.gms:play-services-maps:17.0.0] AndroidManifest.xml:26:5-28:35
47        android:glEsVersion="0x00020000"
47-->[com.google.android.gms:play-services-maps:17.0.0] AndroidManifest.xml:27:9-41
48        android:required="true" />
48-->[com.google.android.gms:play-services-maps:17.0.0] AndroidManifest.xml:28:9-32
49
50    <application
51        android:name="android.app.Application"
51-->src\main\AndroidManifest.xml:4:9-42
52        android:appComponentFactory="androidx.core.app.CoreComponentFactory"
52-->[androidx.core:core:1.6.0] AndroidManifest.xml:24:18-86
53        android:icon="@mipmap/ic_launcher"
53-->src\main\AndroidManifest.xml:5:9-43
54        android:label="kulfii_app" >
54-->src\main\AndroidManifest.xml:3:9-35
55        <activity
55-->src\main\AndroidManifest.xml:6:9-26:20
56            android:name="com.shopping.kulfii_app.MainActivity"
56-->src\main\AndroidManifest.xml:7:13-41
57            android:configChanges="orientation|keyboardHidden|keyboard|screenSize|smallestScreenSize|locale|layoutDirection|fontScale|screenLayout|density|uiMode"
57-->src\main\AndroidManifest.xml:11:13-163
58            android:exported="true"
58-->src\main\AndroidManifest.xml:8:13-36
59            android:hardwareAccelerated="true"
59-->src\main\AndroidManifest.xml:12:13-47
60            android:launchMode="singleTop"
60-->src\main\AndroidManifest.xml:9:13-43
61            android:theme="@style/LaunchTheme"
61-->src\main\AndroidManifest.xml:10:13-47
62            android:windowSoftInputMode="adjustResize" >
62-->src\main\AndroidManifest.xml:13:13-55
63
64            <!--
65                 Specifies an Android theme to apply to this Activity as soon as
66                 the Android process has started. This theme is visible to the user
67                 while the Flutter UI initializes. After that, this theme continues
68                 to determine the Window background behind the Flutter UI.
69            -->
70            <meta-data
70-->src\main\AndroidManifest.xml:18:13-21:17
71                android:name="io.flutter.embedding.android.NormalTheme"
71-->src\main\AndroidManifest.xml:19:15-70
72                android:resource="@style/NormalTheme" />
72-->src\main\AndroidManifest.xml:20:15-52
73
74            <intent-filter>
74-->src\main\AndroidManifest.xml:22:13-25:29
75                <action android:name="android.intent.action.MAIN" />
75-->src\main\AndroidManifest.xml:23:17-68
75-->src\main\AndroidManifest.xml:23:25-66
76
77                <category android:name="android.intent.category.LAUNCHER" />
77-->src\main\AndroidManifest.xml:24:17-76
77-->src\main\AndroidManifest.xml:24:27-74
78            </intent-filter>
79        </activity>
80        <!--
81             Don't delete the meta-data below.
82             This is used by the Flutter tool to generate GeneratedPluginRegistrant.java
83        -->
84        <meta-data
84-->src\main\AndroidManifest.xml:29:9-31:33
85            android:name="flutterEmbedding"
85-->src\main\AndroidManifest.xml:30:13-44
86            android:value="2" />
86-->src\main\AndroidManifest.xml:31:13-30
87
88        <service
88-->[:firebase_auth] AndroidManifest.xml:10:9-14:19
89            android:name="com.google.firebase.components.ComponentDiscoveryService"
89-->[:firebase_auth] AndroidManifest.xml:10:18-89
90            android:directBootAware="true"
90-->[com.google.firebase:firebase-common:20.3.3] AndroidManifest.xml:34:13-43
91            android:exported="false" >
91-->[com.google.firebase:firebase-auth:22.1.1] AndroidManifest.xml:68:13-37
92            <meta-data
92-->[:firebase_auth] AndroidManifest.xml:11:13-13:85
93                android:name="com.google.firebase.components:io.flutter.plugins.firebase.auth.FlutterFirebaseAuthRegistrar"
93-->[:firebase_auth] AndroidManifest.xml:12:17-124
94                android:value="com.google.firebase.components.ComponentRegistrar" />
94-->[:firebase_auth] AndroidManifest.xml:13:17-82
95            <meta-data
95-->[:firebase_storage] AndroidManifest.xml:11:13-13:85
96                android:name="com.google.firebase.components:io.flutter.plugins.firebase.storage.FlutterFirebaseAppRegistrar"
96-->[:firebase_storage] AndroidManifest.xml:12:17-126
97                android:value="com.google.firebase.components.ComponentRegistrar" />
97-->[:firebase_storage] AndroidManifest.xml:13:17-82
98            <meta-data
98-->[:cloud_firestore] AndroidManifest.xml:11:13-13:85
99                android:name="com.google.firebase.components:io.flutter.plugins.firebase.firestore.FlutterFirebaseFirestoreRegistrar"
99-->[:cloud_firestore] AndroidManifest.xml:12:17-134
100                android:value="com.google.firebase.components.ComponentRegistrar" />
100-->[:cloud_firestore] AndroidManifest.xml:13:17-82
101            <meta-data
101-->[:firebase_core] AndroidManifest.xml:11:13-13:85
102                android:name="com.google.firebase.components:io.flutter.plugins.firebase.core.FlutterFirebaseCoreRegistrar"
102-->[:firebase_core] AndroidManifest.xml:12:17-124
103                android:value="com.google.firebase.components.ComponentRegistrar" />
103-->[:firebase_core] AndroidManifest.xml:13:17-82
104            <meta-data
104-->[com.google.firebase:firebase-auth:22.1.1] AndroidManifest.xml:69:13-71:85
105                android:name="com.google.firebase.components:com.google.firebase.auth.FirebaseAuthRegistrar"
105-->[com.google.firebase:firebase-auth:22.1.1] AndroidManifest.xml:70:17-109
106                android:value="com.google.firebase.components.ComponentRegistrar" />
106-->[com.google.firebase:firebase-auth:22.1.1] AndroidManifest.xml:71:17-82
107            <meta-data
107-->[com.google.firebase:firebase-firestore:24.7.0] AndroidManifest.xml:19:13-21:85
108                android:name="com.google.firebase.components:com.google.firebase.firestore.FirestoreRegistrar"
108-->[com.google.firebase:firebase-firestore:24.7.0] AndroidManifest.xml:20:17-111
109                android:value="com.google.firebase.components.ComponentRegistrar" />
109-->[com.google.firebase:firebase-firestore:24.7.0] AndroidManifest.xml:21:17-82
110            <meta-data
110-->[com.google.firebase:firebase-storage:20.2.1] AndroidManifest.xml:32:13-34:85
111                android:name="com.google.firebase.components:com.google.firebase.storage.StorageRegistrar"
111-->[com.google.firebase:firebase-storage:20.2.1] AndroidManifest.xml:33:17-107
112                android:value="com.google.firebase.components.ComponentRegistrar" />
112-->[com.google.firebase:firebase-storage:20.2.1] AndroidManifest.xml:34:17-82
113        </service>
114
115        <receiver
115-->[com.razorpay:checkout:1.6.35] AndroidManifest.xml:42:9-49:20
116            android:name="com.razorpay.RzpTokenReceiver"
116-->[com.razorpay:checkout:1.6.35] AndroidManifest.xml:43:13-57
117            android:exported="true" >
117-->[com.razorpay:checkout:1.6.35] AndroidManifest.xml:44:13-36
118            <intent-filter>
118-->[com.razorpay:checkout:1.6.35] AndroidManifest.xml:46:13-48:29
119                <action android:name="rzp.device_token.share" />
119-->[com.razorpay:checkout:1.6.35] AndroidManifest.xml:37:13-61
119-->[com.razorpay:checkout:1.6.35] AndroidManifest.xml:37:21-58
120            </intent-filter>
121        </receiver>
122
123        <activity
123-->[com.razorpay:checkout:1.6.35] AndroidManifest.xml:51:9-59:20
124            android:name="com.razorpay.CheckoutActivity"
124-->[com.razorpay:checkout:1.6.35] AndroidManifest.xml:52:13-57
125            android:configChanges="keyboard|keyboardHidden|orientation|screenSize"
125-->[com.razorpay:checkout:1.6.35] AndroidManifest.xml:53:13-83
126            android:exported="false"
126-->[com.razorpay:checkout:1.6.35] AndroidManifest.xml:54:13-37
127            android:theme="@style/CheckoutTheme" >
127-->[com.razorpay:checkout:1.6.35] AndroidManifest.xml:55:13-49
128            <intent-filter>
128-->[com.razorpay:checkout:1.6.35] AndroidManifest.xml:56:13-58:29
129                <action android:name="android.intent.action.MAIN" />
129-->src\main\AndroidManifest.xml:23:17-68
129-->src\main\AndroidManifest.xml:23:25-66
130            </intent-filter>
131        </activity>
132
133        <meta-data
133-->[com.razorpay:checkout:1.6.35] AndroidManifest.xml:61:9-63:58
134            android:name="com.razorpay.plugin.googlepay_all"
134-->[com.razorpay:checkout:1.6.35] AndroidManifest.xml:62:13-61
135            android:value="com.razorpay.RzpGpayMerged" />
135-->[com.razorpay:checkout:1.6.35] AndroidManifest.xml:63:13-55
136
137        <activity
137-->[com.google.firebase:firebase-auth:22.1.1] AndroidManifest.xml:29:9-46:20
138            android:name="com.google.firebase.auth.internal.GenericIdpActivity"
138-->[com.google.firebase:firebase-auth:22.1.1] AndroidManifest.xml:30:13-80
139            android:excludeFromRecents="true"
139-->[com.google.firebase:firebase-auth:22.1.1] AndroidManifest.xml:31:13-46
140            android:exported="true"
140-->[com.google.firebase:firebase-auth:22.1.1] AndroidManifest.xml:32:13-36
141            android:launchMode="singleTask"
141-->[com.google.firebase:firebase-auth:22.1.1] AndroidManifest.xml:33:13-44
142            android:theme="@android:style/Theme.Translucent.NoTitleBar" >
142-->[com.google.firebase:firebase-auth:22.1.1] AndroidManifest.xml:34:13-72
143            <intent-filter>
143-->[com.google.firebase:firebase-auth:22.1.1] AndroidManifest.xml:35:13-45:29
144                <action android:name="android.intent.action.VIEW" />
144-->[com.razorpay:checkout:1.6.35] AndroidManifest.xml:12:13-65
144-->[com.razorpay:checkout:1.6.35] AndroidManifest.xml:12:21-62
145
146                <category android:name="android.intent.category.DEFAULT" />
146-->[com.google.firebase:firebase-auth:22.1.1] AndroidManifest.xml:38:17-76
146-->[com.google.firebase:firebase-auth:22.1.1] AndroidManifest.xml:38:27-73
147                <category android:name="android.intent.category.BROWSABLE" />
147-->[com.razorpay:checkout:1.6.35] AndroidManifest.xml:21:13-74
147-->[com.razorpay:checkout:1.6.35] AndroidManifest.xml:21:23-71
148
149                <data
149-->[com.razorpay:checkout:1.6.35] AndroidManifest.xml:14:13-16:38
150                    android:host="firebase.auth"
151                    android:path="/"
152                    android:scheme="genericidp" />
152-->[com.razorpay:checkout:1.6.35] AndroidManifest.xml:16:17-35
153            </intent-filter>
154        </activity>
155        <activity
155-->[com.google.firebase:firebase-auth:22.1.1] AndroidManifest.xml:47:9-64:20
156            android:name="com.google.firebase.auth.internal.RecaptchaActivity"
156-->[com.google.firebase:firebase-auth:22.1.1] AndroidManifest.xml:48:13-79
157            android:excludeFromRecents="true"
157-->[com.google.firebase:firebase-auth:22.1.1] AndroidManifest.xml:49:13-46
158            android:exported="true"
158-->[com.google.firebase:firebase-auth:22.1.1] AndroidManifest.xml:50:13-36
159            android:launchMode="singleTask"
159-->[com.google.firebase:firebase-auth:22.1.1] AndroidManifest.xml:51:13-44
160            android:theme="@android:style/Theme.Translucent.NoTitleBar" >
160-->[com.google.firebase:firebase-auth:22.1.1] AndroidManifest.xml:52:13-72
161            <intent-filter>
161-->[com.google.firebase:firebase-auth:22.1.1] AndroidManifest.xml:53:13-63:29
162                <action android:name="android.intent.action.VIEW" />
162-->[com.razorpay:checkout:1.6.35] AndroidManifest.xml:12:13-65
162-->[com.razorpay:checkout:1.6.35] AndroidManifest.xml:12:21-62
163
164                <category android:name="android.intent.category.DEFAULT" />
164-->[com.google.firebase:firebase-auth:22.1.1] AndroidManifest.xml:38:17-76
164-->[com.google.firebase:firebase-auth:22.1.1] AndroidManifest.xml:38:27-73
165                <category android:name="android.intent.category.BROWSABLE" />
165-->[com.razorpay:checkout:1.6.35] AndroidManifest.xml:21:13-74
165-->[com.razorpay:checkout:1.6.35] AndroidManifest.xml:21:23-71
166
167                <data
167-->[com.razorpay:checkout:1.6.35] AndroidManifest.xml:14:13-16:38
168                    android:host="firebase.auth"
169                    android:path="/"
170                    android:scheme="recaptcha" />
170-->[com.razorpay:checkout:1.6.35] AndroidManifest.xml:16:17-35
171            </intent-filter>
172        </activity>
173
174        <uses-library
174-->[androidx.window:window:1.0.0-beta04] AndroidManifest.xml:25:9-27:40
175            android:name="androidx.window.extensions"
175-->[androidx.window:window:1.0.0-beta04] AndroidManifest.xml:26:13-54
176            android:required="false" />
176-->[androidx.window:window:1.0.0-beta04] AndroidManifest.xml:27:13-37
177        <uses-library
177-->[androidx.window:window:1.0.0-beta04] AndroidManifest.xml:28:9-30:40
178            android:name="androidx.window.sidecar"
178-->[androidx.window:window:1.0.0-beta04] AndroidManifest.xml:29:13-51
179            android:required="false" />
179-->[androidx.window:window:1.0.0-beta04] AndroidManifest.xml:30:13-37
180
181        <provider
181-->[com.google.firebase:firebase-common:20.3.3] AndroidManifest.xml:25:9-30:39
182            android:name="com.google.firebase.provider.FirebaseInitProvider"
182-->[com.google.firebase:firebase-common:20.3.3] AndroidManifest.xml:26:13-77
183            android:authorities="com.shopping.kulfii_app.firebaseinitprovider"
183-->[com.google.firebase:firebase-common:20.3.3] AndroidManifest.xml:27:13-72
184            android:directBootAware="true"
184-->[com.google.firebase:firebase-common:20.3.3] AndroidManifest.xml:28:13-43
185            android:exported="false"
185-->[com.google.firebase:firebase-common:20.3.3] AndroidManifest.xml:29:13-37
186            android:initOrder="100" />
186-->[com.google.firebase:firebase-common:20.3.3] AndroidManifest.xml:30:13-36
187
188        <activity
188-->[com.google.android.gms:play-services-auth:17.0.0] AndroidManifest.xml:23:9-27:75
189            android:name="com.google.android.gms.auth.api.signin.internal.SignInHubActivity"
189-->[com.google.android.gms:play-services-auth:17.0.0] AndroidManifest.xml:24:13-93
190            android:excludeFromRecents="true"
190-->[com.google.android.gms:play-services-auth:17.0.0] AndroidManifest.xml:25:13-46
191            android:exported="false"
191-->[com.google.android.gms:play-services-auth:17.0.0] AndroidManifest.xml:26:13-37
192            android:theme="@android:style/Theme.Translucent.NoTitleBar" />
192-->[com.google.android.gms:play-services-auth:17.0.0] AndroidManifest.xml:27:13-72
193        <!--
194            Service handling Google Sign-In user revocation. For apps that do not integrate with
195            Google Sign-In, this service will never be started.
196        -->
197        <service
197-->[com.google.android.gms:play-services-auth:17.0.0] AndroidManifest.xml:33:9-36:110
198            android:name="com.google.android.gms.auth.api.signin.RevocationBoundService"
198-->[com.google.android.gms:play-services-auth:17.0.0] AndroidManifest.xml:34:13-89
199            android:exported="true"
199-->[com.google.android.gms:play-services-auth:17.0.0] AndroidManifest.xml:35:13-36
200            android:permission="com.google.android.gms.auth.api.signin.permission.REVOCATION_NOTIFICATION" /> <!-- Needs to be explicitly declared on P+ -->
200-->[com.google.android.gms:play-services-auth:17.0.0] AndroidManifest.xml:36:13-107
201        <uses-library
201-->[com.google.android.gms:play-services-maps:17.0.0] AndroidManifest.xml:33:9-35:40
202            android:name="org.apache.http.legacy"
202-->[com.google.android.gms:play-services-maps:17.0.0] AndroidManifest.xml:34:13-50
203            android:required="false" />
203-->[com.google.android.gms:play-services-maps:17.0.0] AndroidManifest.xml:35:13-37
204
205        <activity
205-->[com.google.android.gms:play-services-base:18.0.1] AndroidManifest.xml:20:9-22:45
206            android:name="com.google.android.gms.common.api.GoogleApiActivity"
206-->[com.google.android.gms:play-services-base:18.0.1] AndroidManifest.xml:20:19-85
207            android:exported="false"
207-->[com.google.android.gms:play-services-base:18.0.1] AndroidManifest.xml:22:19-43
208            android:theme="@android:style/Theme.Translucent.NoTitleBar" />
208-->[com.google.android.gms:play-services-base:18.0.1] AndroidManifest.xml:21:19-78
209
210        <meta-data
210-->[com.google.android.gms:play-services-basement:18.1.0] AndroidManifest.xml:21:9-23:69
211            android:name="com.google.android.gms.version"
211-->[com.google.android.gms:play-services-basement:18.1.0] AndroidManifest.xml:22:13-58
212            android:value="@integer/google_play_services_version" />
212-->[com.google.android.gms:play-services-basement:18.1.0] AndroidManifest.xml:23:13-66
213    </application>
214
215</manifest>